<?xml version="1.0" encoding="UTF-8"?>
<!-- Generated by org.testng.reporters.JUnitXMLReporter -->
<testsuite ignored="0" hostname="ASUS-PC" failures="0" tests="4" name="Default test" time="41.195" errors="0" timestamp="2021-11-23T17:17:59 EST">
  <testcase classname="com.automation.testcases.Test_TypesOfLinkListsPage" name="Single_Link_List_Intro_Page" time="12.937"/>
  <testcase classname="com.automation.testcases.Test_TypesOfLinkListsPage" name="Linked_list_jp" time="5.361"/>
  <testcase classname="com.automation.testcases.Test_TypesOfLinkListsPage" name="Double_Link_List_jp" time="5.71"/>
  <testcase classname="com.automation.testcases.Test_TypesOfLinkListsPage" name="JP_Types_Of_Linked_List" time="5.031"/>
</testsuite> <!-- Default test -->
